<?xml version="1.0" encoding="UTF-8"?>
<!-- Generated by org.testng.reporters.JUnitReportReporter -->
<testsuite skipped="0" hostname="DESKTOP-HKB541E" name="com.test.ParameterTest" tests="1" failures="0" timestamp="2020-12-13T23:41:58 IST" time="0.019" errors="0">
  <testcase name="checkBrowser" time="0.019" classname="com.test.ParameterTest"/>
  <system-out/>
</testsuite> <!-- com.test.ParameterTest -->
