<?xml version="1.0" encoding="UTF-8"?>
<!-- Generated by org.testng.reporters.JUnitReportReporter -->
<testsuite skipped="0" hostname="DESKTOP-HKB541E" name="com.test.CheckSequenceOfAnnotations" tests="1" failures="0" timestamp="2022-07-14T12:58:59 IST" time="0.015" errors="0">
  <testcase name="actualTest" time="0.015" classname="com.test.CheckSequenceOfAnnotations"/>
  <system-out/>
</testsuite> <!-- com.test.CheckSequenceOfAnnotations -->
