<?xml version="1.0" encoding="UTF-8"?>
<!-- Generated by org.testng.reporters.JUnitReportReporter -->
<testsuite skipped="0" hostname="DESKTOP-HKB541E" name="com.test.SearchAmazon" tests="2" failures="0" timestamp="2020-12-12T21:35:51 IST" time="0.015" errors="0">
  <testcase name="searchItem" time="0.004" classname="com.test.SearchAmazon"/>
  <system-out/>
  <testcase name="login" time="0.011" classname="com.test.SearchAmazon"/>
  <system-out/>
</testsuite> <!-- com.test.SearchAmazon -->
