<?xml version="1.0" encoding="UTF-8"?>
<!-- Generated by org.testng.reporters.JUnitReportReporter -->
<testsuite skipped="0" hostname="DESKTOP-HKB541E" name="com.test.SearchFlipkart" tests="4" failures="0" timestamp="2020-12-12T19:34:29 IST" time="0.011" errors="0">
  <testcase name="searchItem" time="0.003" classname="com.test.SearchFlipkart"/>
  <system-out/>
  <testcase name="searchItem" time="0.004" classname="com.test.SearchFlipkart"/>
  <system-out/>
  <testcase name="login" time="0.002" classname="com.test.SearchFlipkart"/>
  <system-out/>
  <testcase name="login" time="0.002" classname="com.test.SearchFlipkart"/>
  <system-out/>
</testsuite> <!-- com.test.SearchFlipkart -->
